2017/03/20 12:54:03	Information	Generated local AESkey [ntKlrOehKM9fWTjH]
2017/03/20 12:54:03	Information	request  ==>[transCode=RTCO&merId=100211703130001&encryptKey=xI7PhT0Q%2b6a8EWLozwdyf6LAEpByTrEcsMli0S5lrIHqCp%2fmqY6WoUvtYxsAkNghrrumUD9ZLz0F3aEFekwqH4dmTCXZXoyu8dwG60VoLYHh%2bIrnE0Xtt7YT4DElYZroCS7G5lUq1jo%2bZTSUrwqNRjwchz05yedwQqSL87MWbmnRuZ8etWCIHLOu2nN9JyId67UlS9K15MZpFQseAg7Va4AMRZdM2137Hn%2f7Z9mv1ugKXGmZtsPEYFRvM1EMrUv5bh3X1pMTsesP%2bf1lOEy%2bAJNlLXspTG65nDaTQ9OaQZnCYRUSu%2fLzxW%2bgTL4i1shN21QGe9iUuXkG%2b2j9nMvxmA%3d%3d&encryptData=jVI%2bMmYHA0fQCQ%2fGiRJ08CdJpTPckR5hyXPEqnRfzXuHRkwN4RvGVTaMu3sG%2bMEu3x2ujr2AG%2fieA7Y%2bXj4lLTHKVUxc%2bO9JvWOHhXvsVIuB6ro8jpDmrA4AeMki9OTDvlBoSIH1pHROtK%2fxBbWqbEtQ6u%2bFLyzfkHuFNwEvenSMRLgB5GXbecwcDNC06GXY2noCzBswSCBhZH%2bqzzxJsqqwzQO7H%2fpKOCllBeRh7L%2bh3CgY%2bBgMXS7Ml2fl5inPG4j%2bFLYZrXCgwUW9lS0lsRx571PQwwiBqM74AFpxFn25ReQ9petjE9%2fgDMc1MY4qE4AeI%2bi64qeUwvTtzZ3tWzHGSAmb6HAYmENQIKndwUjWCFzVUEmc6yhzAx8FPmqST47y%2boIEn%2ftqTVQ14fcpCsqJs2Q52RYG5QJ3KDbDJxSvBIKIt76Aa06qbAKrKRQg&sign=hKtvhiCNZJgviKyCcmPbXiSreHJLBlEOnprO%2bmlT1TsjJJikup4yhp5zD8hTvrC%2fwlC881TZ0oEJ6jUJ22IvR2ySgfE%2bCHRKepFyQBC8bXCkxqCMKhrA2rPr8%2bj1A%2b12cA0MbiH2nSO1ATbg6NNUe4qZivmxTWBFgrywSKR9aSCscuHOgIwydI142S4%2f7PSbEbXIYYHaPIujv2FfZqca1mTj5mAJBb2tjg7XNcuBDI6TUlp5ME1%2fSjDcgkxacJxuZ1nQny5VSOoUodfWNHE4UulcwZVO9YCYmkRfQdqG6yND5oPqzFgXCth9dwMQPXbYOpZOuJ13mONGOnyTp8FmXw%3d%3d&extend=]
2017/03/20 12:54:04	Information	response <==[transCode=RTCO&merId=100211703130001&encryptKey=DLHdBt9NYyj2V0gWPgR16Fu3XO7fV5Nkqi0bXpUSC%2FtsiWni117LwmWt8AIQcwkBMStraw8a2k0ICuL2F%2BUsBvwXxBhE%2BWr2wzLp%2Bk3KH1M9cnlW1ZHo2hTWzoP9MTcaW305kviyhIKieISr4jfmhTnEnBvPnmAE5o9I6C6tnBoukfTjAY3ObYNrr7fTyfPLT1XdIx5E%2Bvv0EJeFwd6knZR5LOX1Dr%2F0f1R%2FUwzfV3pwfe4PFNX9xqoCMjm%2BPNJ0sihPt%2FbhnIPRccV4zs8hKk4%2B60amgqWpNXOp9oNjWJcciayGbLF18Xtg9i20xmjYdtbr3inJ5%2F4znhbAtCvwyQ%3D%3D&encryptData=dL73lHX9Bx%2Bcj7c6rEouyW%2B9cZVF2P3nEbMeFZsk8gRNAKxJkYMTW6aPp9hkIUFiZKZSKiPGYqDCydlc9Zjuzw%3D%3D&sign=sBmpiot1teXI3oW9KJk22OXPTkeUy6BS5Ukaey%2BkfAli7SI9QQ7kqcMQh1MK2E747%2Bn4cMj7LSM%2FFfIRjZ%2FR0PHHKOeq0RkMD%2FIGukQOvZTkAEkqkoau58h4Zj6aZrn82bideTRZxhSHhe2tLsRJlNs7nOBMJ2WCEdHrRK5zN9yszWRoDDKC042JmQA%2BVECh%2BIHhVwkAcmbd3XIzGkKgYNcwPqfUB7HhIS0I0tszxkpxPT4V%2BxFr4scfOQX44moFCiI6acS8%2BC4EJHPD9sGE8YUrX0xi37LXiU2dEUN67KOEGMR3Re%2BuctdWvUhTR4SnQvTE8M5yZohYqIJkQ%2F5dUQ%3D%3D]
2017/03/20 12:54:04	Information	System.Security.Cryptography.CryptographicException: 不正确的数据。

   在 System.Security.Cryptography.CryptographicException.ThrowCryptogaphicException(Int32 hr)
   在 System.Security.Cryptography.Utils._DecryptKey(SafeKeyHandle hPubKey, Byte[] key, Int32 dwFlags)
   在 System.Security.Cryptography.RSACryptoServiceProvider.Decrypt(Byte[] rgb, Boolean fOAEP)
   在 CryptUtils.CryptUtils.RSADecrypt(String xmlPrivateKey, Byte[] EncryptedBytes) 位置 c:\Users\lijingneng\Documents\Visual Studio 2012\Projects\OnlinePayTools\SandLibrary\CryptUtils.cs:行号 103
   在 CryptUtils.MessageCryptWorker.DecryptMessageAfterResponse(trafficMessage msgEncrypt) 位置 c:\Users\lijingneng\Documents\Visual Studio 2012\Projects\OnlinePayTools\SandLibrary\CryptUtils.cs:行号 333
   在 CryptUtils.MessageCryptWorker.postMessage(String serverUrl, trafficMessage requestSourceMessage) 位置 c:\Users\lijingneng\Documents\Visual Studio 2012\Projects\OnlinePayTools\SandLibrary\CryptUtils.cs:行号 397
2017/03/20 12:54:04	Information	服务器返回为：
2017/03/20 12:54:04	Information	验签结果
2017/03/20 12:54:04	Information	
2017/03/20 12:54:09	Error	值不能为空。
参数名: input
2017/03/20 13:06:33	Information	Generated local AESkey [HGc8LuVfHZ0LDg0d]
2017/03/20 13:06:34	Information	request  ==>[transCode=RTCO&merId=100211703130001&encryptKey=oAwz7sPj4MMm%2bEc4pxybyyc%2b96UZ4AfYORAcifDEAcz6a4m1XP82njPoKrHIZoFRY7nASWE2t1cQ%2f2uNmv7uJzAYGM4ttc2BkgP3MUmhRN5rviuGi5KimU1KzOgGiyY0snFdJ%2fTrWfVO340ypgScR%2fxeGOr146KADyEvUhYJOXBqy1cFzgMHQG%2fdaHtDRrLg4KBzzMn%2fEE0yavdYdBY1mE0V827w7JfYZzlf3sUNApfAxpQF938u3RhNDABe%2fbiXNR9kvR%2beAfuDqPhoWQTkhIu4rjutM984LUdj27LyAGg%2b3MtAIgAmJNozjtZBdu3R9BzaQghYeUvd%2bQxyEJitUA%3d%3d&encryptData=73A3a1slGgFlSc1wDeHcFwPAeGVyxpOGbAyrkiVOhvoKLPGGJEX7hmgrWrqADFytzqtG5e%2frGrqj3prIv7%2fjxHEqqCbrFRhicXbNsxawtoG4jOBA%2f6ejbgBJkmwlmehvJnbHMZoEZfKKh7fOW68oAmguhpRvJTrqaF3i%2fTvY8%2bwFsDieM5ePmz2lBERq29LN9eZ69jkFmutC%2b33M2SKi9fGTY6NyeBg8wOBnmVl2UQSGDz0kuO%2fki1RanoIi24a43Zwfo5Kyw0klA8tjli%2bq%2bGnqkxSoazETY4%2b7pqWSfe92XgEdhcgtrHWnmyj7DF2MiRtbHsjEjcoWuFrKskGWGjsiuR%2bwiEqYbPP6DBd6%2fMCVfLiyYALNNQwxv43jfL%2fvPhZQ8r73QWyCUbbJGEKURY7sCxN9hrGWzePGFL5f2faKXSTuaI%2fMLgfPj3IWzLlQt8HWEM7Ct%2fzrsZNBmavQKrfQYl0zoa1BPq4IX2G9XGRRMVclRGSkGJzxHyMPjpqbdePMxWiSiysqi0yiOXKsX8NN8dwKwSt%2bCd0tm%2fzsxJpGuDZlvJsILvsUhJ%2f%2fsXmUQnbYYsv1uPTs1NnCkTGjXw%3d%3d&sign=C9HV%2brtXX18LEedC2ITQz0lHWKUENXwAGLhBhQ7mOwtY3iMsm3ZqA%2fO8tghbcw2sw3OrX3%2bxoqYrSufiuFZML453uS7siRx%2fLVWPa5BVpNCxPMO0VBFocVLNAlankkO0Upw9WlVSzCpjCHbbHeuVEF0zm6BLjKDLibqzh%2bKmC2Py6rXubdyp9855dDV2DSBCx9GvEX4xVVnICG51jkXXPU0c5BzE6%2bvldUswtWnWfAKJuuINhQhVVwOcksywqQ5OEpyaOA3iD7DoeTEKTzEJNNWPwhMiisM4DmkwiQNwqtlEPTUJKv9pvPkbyNMbeokfltdBday3C1fo8ZPNLhpxsQ%3d%3d&extend=]
2017/03/20 13:06:35	Information	response <==[transCode=RTCO&merId=100211703130001&encryptKey=NgcNJ%2ByIqHu2cOfyt4pSXCpOVxxbh3Yd%2FgDqcLcHgDMyGAIc1sojCybO%2FVuTXkMmki22a3y1lUzrqdzPScMybULFiz939dFdHJpKws44iFeC4D7aD%2BtDnA2ZhUJwINdwGVF8Y7OdQk083u%2Bra9HmuZaAXLyP5eWzjcpHX2a9hvJN8DjTmA60EvX04W2xkJhPhRRbx5sDJljzdmtUdH9A3WCXd7Srei3mZkjoYNIT2I%2Fq%2FqjDic7Hq80yCsLDFx2Ph7%2F%2FfZJrGBKE58HDLQNPBl1%2Ffg%2BdGTIduHvfnSzkASR5otrTfjVPOwlWhUexi2DdTehJ5eDPs8uBBPOusE4kmQ%3D%3D&encryptData=xolgDQr3Lg6ye1Ot%2FWYb312jU9bG3sswg8z7eEXnZXuViIK5cqq%2F0HiPKfpnrgYaFLxmACLDw1KUihP7gVNSsg%3D%3D&sign=sBmpiot1teXI3oW9KJk22OXPTkeUy6BS5Ukaey%2BkfAli7SI9QQ7kqcMQh1MK2E747%2Bn4cMj7LSM%2FFfIRjZ%2FR0PHHKOeq0RkMD%2FIGukQOvZTkAEkqkoau58h4Zj6aZrn82bideTRZxhSHhe2tLsRJlNs7nOBMJ2WCEdHrRK5zN9yszWRoDDKC042JmQA%2BVECh%2BIHhVwkAcmbd3XIzGkKgYNcwPqfUB7HhIS0I0tszxkpxPT4V%2BxFr4scfOQX44moFCiI6acS8%2BC4EJHPD9sGE8YUrX0xi37LXiU2dEUN67KOEGMR3Re%2BuctdWvUhTR4SnQvTE8M5yZohYqIJkQ%2F5dUQ%3D%3D]
2017/03/20 13:06:35	Information	System.Security.Cryptography.CryptographicException: 不正确的数据。

   在 System.Security.Cryptography.CryptographicException.ThrowCryptogaphicException(Int32 hr)
   在 System.Security.Cryptography.Utils._DecryptKey(SafeKeyHandle hPubKey, Byte[] key, Int32 dwFlags)
   在 System.Security.Cryptography.RSACryptoServiceProvider.Decrypt(Byte[] rgb, Boolean fOAEP)
   在 CryptUtils.CryptUtils.RSADecrypt(String xmlPrivateKey, Byte[] EncryptedBytes) 位置 c:\Users\lijingneng\Documents\Visual Studio 2012\Projects\OnlinePayTools\SandLibrary\CryptUtils.cs:行号 103
   在 CryptUtils.MessageCryptWorker.DecryptMessageAfterResponse(trafficMessage msgEncrypt) 位置 c:\Users\lijingneng\Documents\Visual Studio 2012\Projects\OnlinePayTools\SandLibrary\CryptUtils.cs:行号 333
   在 CryptUtils.MessageCryptWorker.postMessage(String serverUrl, trafficMessage requestSourceMessage) 位置 c:\Users\lijingneng\Documents\Visual Studio 2012\Projects\OnlinePayTools\SandLibrary\CryptUtils.cs:行号 397
2017/03/20 13:06:35	Information	服务器返回为：
2017/03/20 13:06:35	Information	验签结果
2017/03/20 13:06:35	Information	
2017/03/20 13:06:38	Error	值不能为空。
参数名: input
2017/03/20 13:12:29	Information	Generated local AESkey [BKyqxLlDPndFEEnk]
2017/03/20 13:12:29	Information	request  ==>[transCode=RTCO&merId=100211703130001&encryptKey=VdITAgyI4HxdSxIQZu2CEesJw9cGoqcyHFlL2aV112p5R6z29FkELSGVFRY4aJF2NC%2fLSUJkvw1CArnPLiTOvSeN3AsCkJFCDmK23sljPXMVqeMwKB2AHeBKzUodp5Ba8B775UDokxjvddSLzanlqfvOrNGETOZFZbsoB32f7rqmpJo0c9VJrAx4jnssmqtCQVcDt5WWxQC5p%2f30mY9JBVznOLWdrVBACahchUpu%2f81GmVs4En%2bPjZW8GyUESNPRDls2Cm7QQjPkO0JBNLzQ8y7EDzKf6CNwjjIq5FZPIHWu1LzuPMrdOsW1fEPRTEw%2ffigtGsMKNPnxQ1qphAqfWA%3d%3d&encryptData=YNU6TPF261bE8OP320ubXsBwGeX5%2fLtXSzMkD95jHpU8iSL3QGlNhV0Z%2bdO24ac5R15diGz25p4d8VXsxyM4msHFE0NszmqoM%2fIDbGdMy7hUqHa7BfSVc1HL9CylL7qM44IZDIMJbNj4t5M7R0ec72R7QkTaHbFN2StmzLdb0B%2fm32owNXrpR8kR5Lhigo3sCE59V3aE96CpE2sFFb%2bD76rtbPljFaUiHlSxjumIRHduy0hH%2b2TYZL9IcJD2ZmJB8ypqdNuoDMCjF1yrwQdYU6554tfjZArYV81%2f4mIBM8k4McR%2fg%2ffeHmQM28%2fXlCgsffMgLqAtNe%2bxgFBHEFVWY0bcuHDfJ7Juc5JgyuUtAKIytgg79NGB5gzR0tGRvx8WNeUugxFX85l4dfUlkzHb77sLjTQBAVL4aSkOWERr7d%2bFWLyKowTFP%2fmp0AxwEUWbRABVwYCJiq0i%2fptXRzYv19R51iZsTFS2qX8GTdZQ4rLR73qLj%2fsbyFbqs8Y6GDIr4pgyM7LXb9fYY5tN3Yk15w1RjeMxRFeXdMb65qqz5fB%2biE%2f3WacX4MzccLH0D6g1NcHWdr3Uu%2bqWsr4uKX%2foEQ%3d%3d&sign=Fh%2bLHEfplaHlGfLR%2bUyk6%2fzV4F93xLJZ%2bSThlqzG%2b%2biAxTb7Bn900qZZ2X0P3GfUn4QTH11%2bdm%2f5rafSQk6ACEiiBQJxUzoc%2brilv920kPAT4DM1aOr%2bx2aCgMADB5dcMXeyvKX5pigV6F2sTjIC9ySOeyB7ha5BVwPKG0EiWXBNQRm7oNPPNbOgjWX7T0gSMbaw3stdtJ9fYCcDjtkBvWQ5y4OBWkcGOw%2fCI2pVJDkx7%2bSV6ptoK88fIM5y4eYsZsO2Qp2sK5kSXLDuA%2bzjk024EYPOxTbggP3pesPdwFk81C%2bWJ%2bDtbRbLlfdRmfynj89tdVo%2fTFA8Hn6M2yGXOA%3d%3d&extend=]
2017/03/20 13:12:30	Information	response <==[transCode=RTCO&merId=100211703130001&encryptKey=RPQf3u%2Fo8KQCSmrwsFnlcRlVFVXuTRiYwiNuRmN1khN%2Bd9QOfpT32WEngCzuhRdASMRUzV69RpuVSNU7jkrzOoDuYBbe4DJw04e2o5ul7vj71JMhceCGSmzzHcNMCfWYBSoS%2FUiQdZFD4jlcnWTn7yg%2BYAb76cBdEwJo%2FqOWXdFAoOToJCuwJRXhzKsfaVMuYiobFR0fApiyCj8zv6R8IIB6Sjt0cbnjC00fW%2FUoVX01HBlubCVgqmmpJSstmv48GRa0sWiiVWWUYR5a%2B0kS5vyMr%2B1b4zbWmQwqfkubpliYaiopKn6POp1gONcKXs7vdB%2F4VNyQx4h4%2BI%2F8x3eiSA%3D%3D&encryptData=ZYMVemJ5REvDgzN4d5XiU8fY8ySnB9cgA3CyjLZS2KcNgXFO2%2FYgW4WPHY%2BBMfkFTQQpxAt1PiQpZguXeHQUxA%3D%3D&sign=sBmpiot1teXI3oW9KJk22OXPTkeUy6BS5Ukaey%2BkfAli7SI9QQ7kqcMQh1MK2E747%2Bn4cMj7LSM%2FFfIRjZ%2FR0PHHKOeq0RkMD%2FIGukQOvZTkAEkqkoau58h4Zj6aZrn82bideTRZxhSHhe2tLsRJlNs7nOBMJ2WCEdHrRK5zN9yszWRoDDKC042JmQA%2BVECh%2BIHhVwkAcmbd3XIzGkKgYNcwPqfUB7HhIS0I0tszxkpxPT4V%2BxFr4scfOQX44moFCiI6acS8%2BC4EJHPD9sGE8YUrX0xi37LXiU2dEUN67KOEGMR3Re%2BuctdWvUhTR4SnQvTE8M5yZohYqIJkQ%2F5dUQ%3D%3D]
2017/03/20 13:12:30	Information	System.Security.Cryptography.CryptographicException: 不正确的数据。

   在 System.Security.Cryptography.CryptographicException.ThrowCryptogaphicException(Int32 hr)
   在 System.Security.Cryptography.Utils._DecryptKey(SafeKeyHandle hPubKey, Byte[] key, Int32 dwFlags)
   在 System.Security.Cryptography.RSACryptoServiceProvider.Decrypt(Byte[] rgb, Boolean fOAEP)
   在 CryptUtils.CryptUtils.RSADecrypt(String xmlPrivateKey, Byte[] EncryptedBytes) 位置 c:\Users\lijingneng\Documents\Visual Studio 2012\Projects\OnlinePayTools\SandLibrary\CryptUtils.cs:行号 103
   在 CryptUtils.MessageCryptWorker.DecryptMessageAfterResponse(trafficMessage msgEncrypt) 位置 c:\Users\lijingneng\Documents\Visual Studio 2012\Projects\OnlinePayTools\SandLibrary\CryptUtils.cs:行号 333
   在 CryptUtils.MessageCryptWorker.postMessage(String serverUrl, trafficMessage requestSourceMessage) 位置 c:\Users\lijingneng\Documents\Visual Studio 2012\Projects\OnlinePayTools\SandLibrary\CryptUtils.cs:行号 397
2017/03/20 13:12:30	Information	服务器返回为：
2017/03/20 13:12:30	Information	验签结果
2017/03/20 13:12:30	Information	
2017/03/20 13:12:32	Error	值不能为空。
参数名: input
2017/03/20 13:14:42	Error	未将对象引用设置到对象的实例。
2017/03/20 13:15:06	Error	未将对象引用设置到对象的实例。
2017/03/20 13:15:49	Information	待发送报文为：{"version":"01","tranTime":"20170320131423","orderCode":"2001703201315472272","tranAmt":"000000100000","currencyCode":"156","accAttr":"0","accType":"4","accNo":"6226220209634996","accName":"TEST","bankName":"","provNo":"010000","cityNo":"","certType":"0101","certNo":"321281198702253717","cardId":"321281198702253717","phone":"12345678901","bankInsCode":"","purpose":"collection","reqReserved":"","extend":"","productId":"00000002"}
2017/03/20 13:15:49	Information	Generated local AESkey [ae1ri77zwNzZmEM8]
2017/03/20 13:15:49	Information	request  ==>[transCode=RTCO&merId=100211703130001&encryptKey=uTIIDfC%2bVMt2ROE8p5hrkdeGeqhwmYu7zFZIHHbi8A6QRjHKTK86VnHgAuV%2b%2bADy5OCW%2foUCbMv6s2UZXpZMa5whBtBNltKjOd5Gk%2fTL8zJGnWUgHGmEM2xXrZjyDeC2Yps6B2NVbRnax9nyYg5Tu3bC7qK78uAQMH061MrG7Jr9lQf1j0d%2fyljgwRsVPlqgMZsJ7GeW%2b9SJIATexNH1%2b%2fwgmNisu0fSZDX2J4TeUZ0x%2bkQ%2bgUYVZvj7SqZkRb8iU69cR%2b%2f32XAqVm6wORKSJ4x%2b%2fJbBYmnK1jt3AfqfSuRQ1OAuAo8WAh7Z4IawaisyAKQaF8JObLCP3EbLgFn2gA%3d%3d&encryptData=7lU6FBXm4YhmOeFJoDCDGMPZaZD9uufTCgJ3cpeGwzagURcjKmgjIuN%2fjN8st9wTvK0tAzprosK6CfAT9uuSVq868sEk3IGDtHW99WsyuhY6fwu1uklJlWpDlmBc5y%2f2atMz%2bQT3T4RKhJ%2fRI7Ex%2f%2fEoWlrGLpHdfXaqS3My4oyR9%2fufA9QuN%2b3PBpqZXxvnoHtWdGalZjaTLB9A%2fYshc%2bP3qkPapnKdfMxqtC7xPNN1XQvzBxN3a%2fVADd6EUTQFErsqrwxorGKDQdTnA4eiedd2d7Iq%2fDlvGFA6xIhxa5YPYPLbZkKwhLn%2bTx2ltHN05Y3JoqmKI%2fXl0ar1dVQLCN1xT4kEBFKR9OiN9T5p8cLs6sPOVasjtirAqcyNF7ZS%2bcbj75C9xb3T6UxtKdDsViQ5wc2CqVrXrPESOcBHnuzYtz3MK1YcAdlK421XD6X7w4aPbQz2lNzTLSk2Y373ehbSuUhtAsjloUhR7IoQdCec9%2bD19H5eLy2jsFC27q%2fbyVBvR%2bjE%2b8i2Q3R8VfvpChpwN3dYWheRprqHsQHfVZF09vZuCYmqyaWJBm2jpsikjTQuFnNH%2f42gUuZq%2b8qdPA%3d%3d&sign=It%2bQryQ9S4njLc2EN23gIKbh8Vp3UjlpretYl4%2bjQUW39%2f%2bFBuaib%2fPiGKh8VR5SB3IcA2Lw9660%2fPdQ3UP%2fVjLCI0i3z09aGgVfXjjA6ZfXg52VzW%2b7Xl3uNJiwr5ZtyjNEGCA%2bOBoBYI8p0oQ4xLvLPO%2f5Txa9ewmY2HXqSESQAcGc6EdHzzqqM3HvP2XDXYyNaqUSv%2bSvgVf8VUxOfqQoK96B9hEPHQycYUfOh1C9DMkm%2bYbfwzwP9S%2f6YpXmaTwX%2fMJ7x17KJIfDhO0bNA0YVlBG2jnsAf9nmx3q7HS931%2fxlpeDvDpqotPlV6DeGvzRVMk1N3V0YeChKqZ6kg%3d%3d&extend=]
2017/03/20 13:15:58	Information	response <==["transCode=RTCO&merId=100211703130001&encryptKey=jUAHPHBIf3XjN8vCx%2Fp3s7XdWlhiEZcYurmljLRPFK3q89XceGKfLD%2Bs1uyN5cjZ5O48%2BwkF%2Bs1CmATOGWmq%2FFGIw9naXgRY8Arv1vtVkFe%2ByX7cECFdqO%2BYfm7lt6i96DC149CJaL9kVb4GasJqWf5wdSTjDL85UPZh3a3kiFFRNkzPLp9tLnDe%2F8RO1bGoC5rCksv4nNS4PgeFoKHQablBTydcUK6iFmV3936lmjnWpiTcLEzlVYwC6rRbVXWhOCz9MP7yRSyi3q%2BMPSGX1bolbQCvtVO0H4HhljSHvIUvLke1x%2FNuroD3%2BqRCstc%2FdbMux%2FLS2aO6VQKksy9nUA%3D%3D&encryptData=rUReQwC2MLGgCf5LO9eXl1Vu83J3B%2F6%2B6NHT%2BrEa0bzqFmFr8oVvJoB2TmxGQv%2Fh9rlEr3lKy34DzVCgDp8gqvrbufpmP0gVyRyHvuUBbsLmGkLdQje4luiGyHLMvRX7cN1RzTJw%2Fy4GlDMX8ESV5V1GqC1VM4k1YzZJnt6MzktoBwNq1v3OI2PmbmReSWYk64cF5L7yof7f%2FzprB2Gz%2Fbe%2B%2BLKHwLiCJWWUKf4%2BSdPk0JVkDAUXNJ2%2FvKCkPeJFroD%2B9KIqBBog9gqxAXXTvw%3D%3D&sign=MzpQcswfjXbz%2BYis9EY9Jg7nJLRC3jm4oeaiHhPglk%2B71klCcoX7btq7OruFK1eptPibSX4PSLJ3kwUBjgS8zEBma1m4GY12Mm1spLPSmh9cEi9Qv9W7qjqtukckxsSGLK%2BaaaZiIbP7Q9UsLJvMZI1KaA03ZS3bd9UcHntiNrRoQrmwHfq02BKhhTwtbbIk4ZuD7XbNdnOBmGQdVJEJBaSDkOcjRKayKKKbWN%2BsrjSOrV9y1Weeb79ugHxjMY6mrIkQnqAAuQdgeW2Kz%2Bf6Thh8mG5Z1OVMSLE6vRk%2B03KDaT1qQXRT2YTEmZ%2BqKqxOuMbiga2HVx8Xx8Qc0sE2Gw%3D%3D"]
2017/03/20 13:15:58	Information	Decrypted remote AESkey [PGKwXO5l6gbqessS]
2017/03/20 13:15:58	Information	服务器返回为：{"orderCode":"2001703201315472272","reqReserved":"","respCode":"0000","respDesc":"成功","resultFlag":"0","sandSerial":"2017032088020000000000173716","tranDate":"20170320","tranTime":"20170320131423"}
2017/03/20 13:15:58	Information	验签结果True
2017/03/20 13:15:58	Information	{"orderCode":"2001703201315472272","reqReserved":"","respCode":"0000","respDesc":"成功","resultFlag":"0","sandSerial":"2017032088020000000000173716","tranDate":"20170320","tranTime":"20170320131423"}
2017/03/20 13:15:58	Information	respCode[0000]respDesc[成功]
2017/03/20 13:25:07	Information	Generated local AESkey [VKmBo0Q1NTJK9HpL]
2017/03/20 13:25:07	Information	request  ==>[transCode=RTCO&merId=100211703130001&encryptKey=fXhXRNX2SqMgiAxd3ToZmXmG3K5%2fgpleOxpiqjFk7%2bGpMi8Wzfuc%2f1q3QEM2WYzrWKxH8BNnjxRpla4KzrMaBnMe97ih%2bR2uiqMfcgUe44%2bAeJjDY1Ofzb1zq9yYLEq3hYiJ3TsuMdw0EVKscTahlt9bipfQApfCTBckbHLpsSreH2%2fZPVDTwZdgnpBeaCO7UqaxamFNQ11wrqQqquaMkSrU0ZVSR%2bEjahBz3x%2bhddwdrgHJmY%2fZHUhhnkwAsLhZhsnrvlv3lLs1hFFGSoaWTKg6%2flsfkQktGhbsd%2bnWFdTQorAtru069M4agCi39R%2b5gU9b76LtZZW48OGqo3jzyw%3d%3d&encryptData=09qtiLCdFBONrV74JhGRdIXG8FHFtaXkRwQGLIp4GSrpofOpxrRg4WxaJR4%2bOEzEzbMqKTteqnYdDk%2bO3tewfY8KdKg%2bmqehDgiNFFO0QsMymMYJ9cyNqQrpDkDEkugw%2bKI3PylTiOCqwEYrhNU361815YeO1xWf0j0jhVrZUFebokjBcAbmULhP8vU4Y%2bxFCu7PHWJjsHahIyX1O5DcbVfaqEUxH3UXaYw2YMz%2fa4Z%2fBOq1aA1U6KMAYIZGKmZlfcl4eL1lLHO0BjDDQHvzWx8pyTChWh6ilaWhHHVOUMF0wSF0HSh20KPRFddQ7ADBXbif1WtjDCsmUOnSfWsVLrqBsy4wu6QjZslfGMpX%2fPscBsMlzJwVOf%2bNvhvPEx8pE22XBtr1c%2foPpSBzKHmKdIc2S%2bnNkVeBuMJQ4dKRWWwExWnRtpWgbHnurdUqQ2stcFw3ximOFgHN2VD9US88apfsc2nT%2fHvK1aPei8y8b1kuouj35466r2%2bfOykoerdFjw0iuuC6toNkZtZT%2fB3L9Vc8NTgvVXzADHJa7n%2bohsjvwBxqsA3QipwXfsnqdHB5zCoFSj1LikMPWOiL%2beNyew%3d%3d&sign=WoM6kv28eQExIQBX4g%2bJ9r2BdTd8VA0dOT5k5F8BcUVfTjDHzNUcxotZsfcFl4FIBhHX0eySRVcTAe%2fFPZgzaEgJ3Loffv0%2bYX9bq%2bbtn2V95blZrQPbuSy3HiB3eDYoJVQzO7kFILWsaggbdPFFR5NASAwxSW9nCYH5gvXkIBFAKYcvtE5BQeUXf4LYC7InXI5R16NlR2VHV5eQ2%2btUfnhM0ga%2f%2fnLsiWHN47DS3jkv3KULShK4mUuGHOpLxHql33Av16cYvCotVBx9ioHMyrrBb7Y8sMnOl4HEThD4c2g%2fSZMo%2fxxxb%2bRzXsYVX4pSnTmbBZk6Ru4RDflUy5ssqA%3d%3d&extend=]
2017/03/20 13:25:08	Information	response <==[transCode=RTCO&merId=100211703130001&encryptKey=YDQARIg37aGkH8ieeEXbGqmGPfHm%2Ffda%2BxDTHiAiMFhsM4a3aBBVVTjZf72afmQRp1dWhnCQ7FDeH0DRs1DHytSrHEN1XYKJIREZztEpNzOJUNGTiXFsAky1O9dwvsdeB3XewGMppaLGZlPttPcy0apkD6gP8KFy5%2FudM%2BCxVaxuCnsYXjjGsU%2FQdBJ72QAk25VeKh3k95wl4t1Tk0ahNe%2FQBgjvm7rqYpEGFonYwqyNJxWKfmCnR7nNmmGx4BBiF9lDITcepusv3SOsDpONzUuVEN2veQT3rfSwB5IzzOJ07vnEV%2BoA3oBtfA%2BZADIOMGnSlv%2BNOCDCKeOKPaWgKw%3D%3D&encryptData=Yf6yWM2chHJJnus1Eyw2En1pgHQysTMSOwshUJ%2Bx7VxiYD8eFaMeqKlfRblf6V2kvK4zMGeqpotu0p5dZ6lylw%3D%3D&sign=sBmpiot1teXI3oW9KJk22OXPTkeUy6BS5Ukaey%2BkfAli7SI9QQ7kqcMQh1MK2E747%2Bn4cMj7LSM%2FFfIRjZ%2FR0PHHKOeq0RkMD%2FIGukQOvZTkAEkqkoau58h4Zj6aZrn82bideTRZxhSHhe2tLsRJlNs7nOBMJ2WCEdHrRK5zN9yszWRoDDKC042JmQA%2BVECh%2BIHhVwkAcmbd3XIzGkKgYNcwPqfUB7HhIS0I0tszxkpxPT4V%2BxFr4scfOQX44moFCiI6acS8%2BC4EJHPD9sGE8YUrX0xi37LXiU2dEUN67KOEGMR3Re%2BuctdWvUhTR4SnQvTE8M5yZohYqIJkQ%2F5dUQ%3D%3D]
2017/03/20 13:25:08	Information	System.Security.Cryptography.CryptographicException: 不正确的数据。

   在 System.Security.Cryptography.CryptographicException.ThrowCryptogaphicException(Int32 hr)
   在 System.Security.Cryptography.Utils._DecryptKey(SafeKeyHandle hPubKey, Byte[] key, Int32 dwFlags)
   在 System.Security.Cryptography.RSACryptoServiceProvider.Decrypt(Byte[] rgb, Boolean fOAEP)
   在 CryptUtils.CryptUtils.RSADecrypt(String xmlPrivateKey, Byte[] EncryptedBytes) 位置 c:\Users\lijingneng\Documents\Visual Studio 2012\Projects\OnlinePayTools\SandLibrary\CryptUtils.cs:行号 103
   在 CryptUtils.MessageCryptWorker.DecryptMessageAfterResponse(trafficMessage msgEncrypt) 位置 c:\Users\lijingneng\Documents\Visual Studio 2012\Projects\OnlinePayTools\SandLibrary\CryptUtils.cs:行号 333
   在 CryptUtils.MessageCryptWorker.postMessage(String serverUrl, trafficMessage requestSourceMessage) 位置 c:\Users\lijingneng\Documents\Visual Studio 2012\Projects\OnlinePayTools\SandLibrary\CryptUtils.cs:行号 397
2017/03/20 13:25:08	Information	服务器返回为：
2017/03/20 13:25:08	Information	验签结果
2017/03/20 13:25:08	Information	
2017/03/20 13:25:10	Error	值不能为空。
参数名: input
